<?xml version="1.0" encoding="UTF-8"?>
<!-- Generated by org.testng.reporters.JUnitXMLReporter -->
<testsuite ignored="7" hostname="HENRY-PC" failures="0" tests="1" name="Test" time="35.721" errors="0" timestamp="2024-09-28T18:27:37 BST">
  <testcase classname="testcases.CartPageTest" name="Verify_Presence_Of_Item_in_Cart_When_User_Logout_And_Login_Again" time="30.988"/>
  <testcase classname="testcases.CartPageTest" name="Verify_User_Can_Increase_Product_Quantity" time="0.0">
    <ignored/>
  </testcase> <!-- Verify_User_Can_Increase_Product_Quantity -->
  <testcase classname="testcases.CartPageTest" name="Verify_User_Continues_Shopping_After_Adding_Product_To_Cart" time="0.0">
    <ignored/>
  </testcase> <!-- Verify_User_Continues_Shopping_After_Adding_Product_To_Cart -->
  <testcase classname="testcases.CartPageTest" name="Verify_Inclusion_Of_VAT_And_Shippingcharges_In_Total_Amount" time="0.0">
    <ignored/>
  </testcase> <!-- Verify_Inclusion_Of_VAT_And_Shippingcharges_In_Total_Amount -->
  <testcase classname="testcases.CartPageTest" name="Verify_Adding_Product_To_Cart" time="0.0">
    <ignored/>
  </testcase> <!-- Verify_Adding_Product_To_Cart -->
  <testcase classname="testcases.CartPageTest" name="Verify_User_Can_Remove_Item_From_Cart" time="0.0">
    <ignored/>
  </testcase> <!-- Verify_User_Can_Remove_Item_From_Cart -->
  <testcase classname="testcases.CartPageTest" name="Verify_User_Cannot_Add_Item_Beyond_Certain_Limit" time="0.0">
    <ignored/>
  </testcase> <!-- Verify_User_Cannot_Add_Item_Beyond_Certain_Limit -->
  <testcase classname="testcases.CartPageTest" name="Verify_Total_Amount_Of_Item_In_The_Cart" time="0.0">
    <ignored/>
  </testcase> <!-- Verify_Total_Amount_Of_Item_In_The_Cart -->
</testsuite> <!-- Test -->
