<?xml version="1.0" encoding="UTF-8"?>
<testng-results ignored="7" total="8" passed="1" failed="0" skipped="0">
  <reporter-output>
  </reporter-output>
  <suite started-at="2024-09-28T18:26:59 BST" name="Suite" finished-at="2024-09-28T18:27:35 BST" duration-ms="35721">
    <groups>
    </groups>
    <test started-at="2024-09-28T18:26:59 BST" name="Test" finished-at="2024-09-28T18:27:35 BST" duration-ms="35721">
      <class name="testcases.CartPageTest">
        <test-method is-config="true" signature="setup(java.lang.String,java.lang.String)[pri:0, instance:testcases.CartPageTest@353352b6]" started-at="2024-09-28T18:27:00 BST" name="setup" finished-at="2024-09-28T18:27:04 BST" duration-ms="4087" status="PASS">
          <params>
            <param index="0">
              <value>
                <![CDATA[chrome]]>
              </value>
            </param>
            <param index="1">
              <value>
                <![CDATA[Windows]]>
              </value>
            </param>
          </params>
          <reporter-output>
          </reporter-output>
        </test-method> <!-- setup -->
        <test-method signature="Verify_Presence_Of_Item_in_Cart_When_User_Logout_And_Login_Again()[pri:0, instance:testcases.CartPageTest@353352b6]" started-at="2024-09-28T18:27:04 BST" name="Verify_Presence_Of_Item_in_Cart_When_User_Logout_And_Login_Again" finished-at="2024-09-28T18:27:35 BST" duration-ms="30988" status="PASS">
          <reporter-output>
          </reporter-output>
        </test-method> <!-- Verify_Presence_Of_Item_in_Cart_When_User_Logout_And_Login_Again -->
        <test-method is-config="true" signature="tearDown()[pri:0, instance:testcases.CartPageTest@353352b6]" started-at="2024-09-28T18:27:35 BST" name="tearDown" finished-at="2024-09-28T18:27:35 BST" duration-ms="400" status="PASS">
          <reporter-output>
          </reporter-output>
        </test-method> <!-- tearDown -->
      </class> <!-- testcases.CartPageTest -->
    </test> <!-- Test -->
  </suite> <!-- Suite -->
</testng-results>
